         w __deregister_frame_info
         w __register_frame_info
         w userAppExit
         w userAppInit
00000000 00000802 B __ctru_dev_utf16_buf
00000000 a shift
00000000 a shift
00000000 b _TLS_MODULE_BASE_
00000804 00000401 B __ctru_dev_path_buf
00100000 A __start__
00100000 T _start
00100008 T __service_ptr
0010000c T __apt_appid
00100010 T __heap_size
00100014 T __linear_heap_size
00100018 T __system_arglist
0010001c T __system_runflags
00100020 t startup
00100058 t ClearMem
0010006c t ClrLoop
00100094 T _init
001000ac T __aeabi_uidiv
001000ac 000001ec T __udivsi3
001000ac t .udivsi3_skip_div0_test
00100298 00000020 T __aeabi_uidivmod
001002b8 T __aeabi_idiv
001002b8 00000220 T __divsi3
001002c0 t .divsi3_skip_div0_test
001004d8 00000020 T __aeabi_idivmod
001004f8 00000004 W __aeabi_idiv0
001004f8 00000004 W __aeabi_ldiv0
001004fc T __aeabi_ldivmod
001005d0 T __aeabi_uldivmod
00100628 00000390 T strcmp
001009b0 t __do_global_dtors_aux
001009f0 t frame_dummy
00100a1c 00000478 t sceneRender.constprop.0
00100e94 000005d0 t sceneRender1.isra.0
00101464 00000250 T main
001016b4 00000044 t C2Di_FrameEndHook
001016f8 0000036c T C2D_Init
00101a64 0000004c T C2D_Fini
00101ab0 000000b8 T C2D_Prepare
00101b68 00000048 T C2D_Flush
00101bb0 00000104 T C2D_SceneSize
00101cb4 00000058 T C2D_CreateScreenTarget
00101d0c 00000064 T C2D_TargetClear
00101d70 00000058 T C2Di_AppendQuad
00101dc8 00000040 T C2Di_AppendVtx
00101e08 00000550 T C2Di_Update
00102358 00000018 t C2Di_GlyphComp
00102370 00000140 t C2Di_CalcLineWidths
001024b0 000001dc T C2D_TextBufNew
0010268c 00000004 T C2D_TextBufDelete
00102690 0000000c T C2D_TextBufClear
0010269c 000001c8 T C2D_TextFontParseLine
00102864 000000a8 T C2D_TextFontParse
0010290c 00000014 T C2D_TextParse
00102920 00000030 T C2D_TextOptimize
00102950 00000f6c T C2D_DrawText
001038bc 00000044 T C2D_FontGlyphIndexFromCodePoint
00103900 00000078 T C2D_FontCalcGlyphPos
00103978 00000028 T AttrInfo_Init
001039a0 00000094 T AttrInfo_AddLoader
00103a34 00000054 T C3D_SetAttrInfo
00103a88 00000080 T C3Di_AttrInfoBind
00103b08 00000004 W C3Di_LightEnvUpdate
00103b0c 00000004 W C3Di_LightEnvDirty
00103b10 000000b4 t C3Di_AptEventHook
00103bc4 00000004 W C3Di_GasUpdate
00103bc8 000001d0 T C3D_Init
00103d98 00000098 T C3D_SetViewport
00103e30 000004e8 T C3Di_UpdateContext
00104318 000000e0 T C3Di_SplitFrame
001043f8 00000044 T C3D_Fini
0010443c 00000194 T C3D_BindProgram
001045d0 00000024 T BufInfo_Init
001045f4 00000080 T BufInfo_Add
00104674 0000003c T C3D_SetBufInfo
001046b0 00000048 T C3Di_BufInfoBind
001046f8 0000021c T C3D_DrawElements
00104914 00000040 T C3D_DepthMap
00104954 0000001c T C3D_CullFace
00104970 00000040 T C3D_StencilTest
001049b0 00000024 T C3D_StencilOp
001049d4 0000001c T C3D_BlendingColor
001049f0 00000024 T C3D_EarlyDepthTest
00104a14 0000002c T C3D_DepthTest
00104a40 0000002c T C3D_AlphaTest
00104a6c 00000050 T C3D_AlphaBlend
00104abc 00000030 T C3D_FragOpMode
00104aec 00000044 T C3D_FragOpShadow
00104b30 000001ac T C3Di_EffectBind
00104cdc 0000001c T C3D_CalcColorBufSize
00104cf8 0000001c T C3D_CalcDepthBufSize
00104d14 00000044 T C3D_SetFrameBuf
00104d58 0000016c T C3Di_FrameBufBind
00104ec4 000000c8 T C3D_FrameBufClear
00104f8c 00000044 T C3D_FrameBufTransfer
00104fd0 000000a8 T C3D_ImmSendAttrib
00105078 00000070 T C3D_ProcTexInit
001050e8 00000054 T C3D_ProcTexBind
0010513c 0000005c T C3D_ProcTexLutBind
00105198 000000a4 T ProcTexLut_FromArray
0010523c 00000178 T C3Di_ProcTexUpdate
001053b4 00000068 T C3Di_ProcTexDirty
0010541c 0000004c t onVBlank0
00105468 0000004c t onVBlank1
001054b4 00000080 t C3Di_RenderTargetDestroy
00105534 000000f4 t onQueueFinish
00105628 00000038 T C3Di_RenderQueueEnableVBlank
00105660 00000030 T C3Di_RenderQueueDisableVBlank
00105690 00000060 T C3Di_RenderQueueInit
001056f0 000000b4 T C3Di_RenderQueueExit
001057a4 00000034 T C3Di_RenderQueueWaitDone
001057d8 000000e8 T C3D_FrameBegin
001058c0 00000048 T C3D_FrameDrawOn
00105908 00000058 T C3D_FrameSplit
00105960 000001d0 T C3D_FrameEnd
00105b30 0000001c T C3D_FrameEndHook
00105b4c 00000170 T C3D_RenderTargetCreate
00105cbc 000000a8 T C3D_RenderTargetSetOutput
00105d64 00000034 T C3D_GetTexEnv
00105d98 00000024 T C3Di_TexEnvBind
00105dbc 00000044 T C3D_TexBind
00105e00 0000014c T C3Di_SetTex
00105f4c 00000290 T C3D_UpdateUniforms
001061dc 000000c0 T C3Di_DirtyUniforms
0010629c 000000d8 T C3Di_LoadShaderUniforms
00106374 00000028 T C3Di_ClearShaderUniforms
0010639c 000000cc T Mtx_Ortho
00106468 000000cc T Mtx_OrthoTilt
00106534 00000024 t addrMapNodeComparator(rbtree_node const*, rbtree_node const*)
00106558 00000004 t addrMapNodeDestructor(rbtree_node*)
0010655c 00000120 T linearMemAlign
0010667c 00000008 T linearAlloc
00106684 0000005c T linearFree
001066e0 00000080 T MemPool::CoalesceRight(MemBlock*)
00106760 0000016c T MemPool::Allocate(MemChunk&, unsigned long, int)
001068cc 000000fc T MemPool::Deallocate(MemChunk const&)
001069c8 00000030 T MemPool::GetFreeSpace()
001069f8 00000024 t addrMapNodeComparator(rbtree_node const*, rbtree_node const*)
00106a1c 00000004 t addrMapNodeDestructor(rbtree_node*)
00106a20 0000024c T vramMemAlignAt
00106c6c 0000000c T vramAlloc
00106c78 0000000c T vramAllocAt
00106c84 00000090 T vramFree
00106d14 00000094 T fontEnsureMapped
00106da8 00000100 T fontGlyphIndexFromCodePoint
00106ea8 000001ec T fontCalcGlyphPos
00107094 000000d0 t gfxPresentFramebuffer
00107164 0000001c T gfxIsWide
00107180 000000ec T gfxSetScreenFormat
0010726c 000000e0 T gfxInit
0010734c 00000010 T gfxInitDefault
0010735c 000000b4 T gfxExit
00107410 000000a0 T gfxGetFramebuffer
001074b0 00000030 T gfxScreenSwapBuffers
001074e0 00000074 T osConvertVirtToPhys
00107554 00000054 T osGetTimeRef
001075a8 000000ec T osGetTime
00107694 00000034 T __ctru_speedup_config
001076c8 0000013c T GPUCMD_Add
00107804 000000b0 T GPUCMD_Split
001078b4 00000034 T f32tof16
001078e8 00000034 T f32tof24
0010791c 00000038 T f32tof31
00107954 00000010 T GX_BindQueue
00107964 00000078 T GX_ProcessCommandList
001079dc 00000074 T GX_MemoryFill
00107a50 00000070 T GX_DisplayTransfer
00107ac0 00000068 t gxCmdQueueDoCommands.part.0
00107b28 000000c8 T gxCmdQueueInterrupt
00107bf0 0000004c T gxCmdQueueClear
00107c3c 000000f8 T gxCmdQueueAdd
00107d34 00000080 T gxCmdQueueRun
00107db4 00000060 T gxCmdQueueStop
00107e14 0000008c T gxCmdQueueWait
00107ea0 000001d0 T shaderInstanceInit
00108070 00000018 T shaderInstanceGetUniformLocation
00108088 0000001c T shaderProgramInit
001080a4 00000064 T shaderProgramFree
00108108 00000080 T shaderProgramSetVsh
00108188 000008e0 T shaderProgramConfigure
00108a68 000001cc t DVLE_GenerateOutmap.part.0
00108c34 000001b4 T DVLB_ParseFile
00108de8 00000038 T DVLB_Free
00108e20 00000074 T DVLE_GetUniformRegister
00108e94 00000038 T ACU_GetWifiStatus
00108ecc 00000038 T ACU_GetSecurityMode
00108f04 00000044 T ACU_GetProxyEnable
00108f48 000001ac t aptConvertScreenForCapture
001090f4 00000008 W aptDspSleep
001090fc 00000004 W aptDspWakeup
00109100 00000004 W aptDspCancel
00109104 00000158 T aptSendCommand
00109260 00000044 t aptExitProcess
001092a4 0000038c T aptExit
00109630 000000e0 T aptHandleSleep
00109710 00000030 T aptHook
00109740 00000030 T aptUnhook
00109770 00000084 T APT_SleepIfShellClosed
001097f4 00000084 T aptSetSleepAllowed
00109878 00000084 T APT_UnlockTransition
00109900 000004a4 t aptEventHandler
00109da4 000000b0 T APT_ReceiveParameter
00109e54 000000ac t aptReceiveParameter.constprop.0
00109f00 000002ac t aptScreenTransfer
0010a1ac 00000320 t aptWaitForWakeUp.isra.0
0010a4cc 000000f8 T aptJumpToHomeMenu
0010a5c4 00000048 T aptMainLoop
0010a60c 0000022c T aptInit
0010a838 0000007c T APT_CheckNew3DS
0010a8b4 00000048 T APT_GetSharedFont
0010a8fc 000000cc T fsInit
0010a9c8 0000003c T fsExit
0010aa04 00000060 T fsExemptFromSession
0010aa64 00000050 T fsUnexemptFromSession
0010aab4 000000cc T FSUSER_OpenFile
0010ab80 000000bc T FSUSER_DeleteFile
0010ac3c 000000f8 T FSUSER_RenameFile
0010ad34 000000bc T FSUSER_DeleteDirectory
0010adf0 000000d4 T FSUSER_CreateFile
0010aec4 000000c4 T FSUSER_CreateDirectory
0010af88 000000f8 T FSUSER_RenameDirectory
0010b080 000000b4 T FSUSER_OpenDirectory
0010b134 00000094 T FSUSER_OpenArchive
0010b1c8 0000008c T FSUSER_CloseArchive
0010b254 00000074 T FSUSER_GetSdmcArchiveResource
0010b2c8 00000064 T FSUSER_IsSdmcWritable
0010b32c 00000058 T FSFILE_Read
0010b384 00000060 T FSFILE_Write
0010b3e4 00000038 T FSFILE_GetSize
0010b41c 00000028 T FSFILE_SetSize
0010b444 0000003c T FSFILE_Close
0010b480 00000024 T FSFILE_Flush
0010b4a4 00000050 T FSDIR_Read
0010b4f4 0000003c T FSDIR_Close
0010b530 00000c64 t gspHardwareInit
0010c194 00000248 T gspInit
0010c3dc 000000f0 T gspExit
0010c4cc 00000010 T gspHasGpuRight
0010c4dc 000000a0 T gspPresentBuffer
0010c57c 00000030 T gspSetEventCallback
0010c5ac 00000044 T gspWaitForEvent
0010c5f0 0000004c T gspWaitForAnyEvent
0010c63c 00000158 t gspEventThreadMain
0010c794 00000130 T gspSubmitGxCommand
0010c8c4 00000050 T GSPGPU_FlushDataCache
0010c914 00000034 T GSPGPU_SetLcdForceBlack
0010c948 00000068 T GSPGPU_AcquireRight
0010c9b0 00000048 T GSPGPU_ReleaseRight
0010c9f8 0000007c T GSPGPU_ImportDisplayCaptureInfo
0010ca74 0000002c T GSPGPU_SaveVramSysArea
0010caa0 0000002c T GSPGPU_RestoreVramSysArea
0010cacc 00000024 W hidShouldUseIrrst
0010caf0 0000018c T hidInit
0010cc7c 000000e8 T hidExit
0010cd64 000002a4 T hidScanInput
0010d008 00000010 T hidKeysDown
0010d018 00000018 T hidTouchRead
0010d030 00000018 T hidCircleRead
0010d048 00000020 T hidGyroRead
0010d068 0000002c T HIDUSER_EnableGyroscope
0010d094 00000160 T irrstInit
0010d1f4 000000cc T irrstExit
0010d2c0 000000b4 T irrstScanInput
0010d374 00000024 T irrstKeysHeld
0010d398 00000074 T ptmSysmInit
0010d40c 0000003c T ptmSysmExit
0010d448 00000034 T PTMSYSM_ConfigureNew3DSCPU
0010d47c 00000038 T PTMU_GetBatteryLevel
0010d4b4 00000038 T PTMU_GetBatteryChargeState
0010d4ec 00000044 T PTMU_GetAdapterState
0010d530 00000074 T rbtree_find
0010d5a4 00000010 T rbtree_init
0010d5b4 000001b0 t do_insert
0010d764 00000008 T rbtree_insert
0010d76c 00000318 T rbtree_remove
0010da84 00000090 T rbtree_rotate
0010db14 0000013c T decode_utf8
0010dc50 000000e8 T utf16_to_utf8
0010dd38 000000c0 T utf8_to_utf16
0010ddf8 000001e0 W __system_allocateHeaps
0010dfd8 00000038 W __libctru_init
0010e010 00000170 W __system_initArgv
0010e180 00000030 T __syscall_getreent
0010e1b0 00000004 T __syscall_lock_acquire
0010e1b4 00000004 T __syscall_lock_release
0010e1b8 00000004 T __syscall_lock_acquire_recursive
0010e1bc 00000004 T __syscall_lock_release_recursive
0010e1c0 00000004 T __syscall_exit
0010e1c4 00000050 T initThreadVars
0010e214 00000080 T __system_initSyscalls
0010e294 T svcControlMemory
0010e2b4 T svcQueryMemory
0010e2e4 T svcExitProcess
0010e2ec T svcCreateThread
0010e30c T svcExitThread
0010e314 T svcSleepThread
0010e31c T svcReleaseMutex
0010e324 T svcCreateEvent
0010e338 T svcSignalEvent
0010e340 T svcClearEvent
0010e348 T svcMapMemoryBlock
0010e350 T svcUnmapMemoryBlock
0010e358 T svcCreateAddressArbiter
0010e36c T svcArbitrateAddressNoTimeout
0010e374 T svcCloseHandle
0010e37c T svcWaitSynchronization
0010e384 T svcWaitSynchronizationN
0010e3ac T svcDuplicateHandle
0010e3c0 T svcGetSystemTick
0010e3c8 T svcConnectToPort
0010e3dc T svcSendSyncRequest
0010e3e4 T svcGetResourceLimit
0010e3f8 T svcGetResourceLimitLimitValues
0010e400 T svcGetResourceLimitCurrentValues
0010e408 T svcBreak
0010e410 T __aeabi_read_tp
0010e41c W initSystem
0010e46c W __ctru_exit
0010e480 00000084 W envGetHandle
0010e504 00000050 W envDestroyHandles
0010e554 0000012c T srvInit
0010e680 00000058 T srvExit
0010e6d8 00000060 T srvEnableNotification
0010e738 000000a0 T srvGetServiceHandleDirect
0010e7d8 00000038 T srvGetServiceHandle
0010e810 00000034 T srvSubscribe
0010e844 00000060 T srvReceiveNotification
0010e8a4 00000038 T srvPublishToSubscriber
0010e8dc 0000000c T __sync_init
0010e8e8 00000018 T __sync_fini
0010e900 0000002c T syncArbitrateAddress
0010e92c 000000ac T LightLock_Lock
0010e9d8 00000040 T LightLock_Unlock
0010ea18 00000030 T RecursiveLock_Lock
0010ea48 00000054 T RecursiveLock_Unlock
0010ea9c 00000040 T LightEvent_Init
0010eadc 000000a4 T LightEvent_Clear
0010eb80 000000c8 T LightEvent_Signal
0010ec48 00000050 T LightEvent_TryWait
0010ec98 000000a0 T LightEvent_Wait
0010ed38 000001d8 T threadCreate
0010ef10 0000002c T threadFree
0010ef3c 00000024 T threadJoin
0010ef60 00000030 T threadGetCurrent
0010ef90 00000040 T threadExit
0010efd0 00000020 t _thread_begin
0010eff0 000000b4 t mappableFindAddressWithin
0010f0a4 00000028 T mappableInit
0010f0cc 00000080 T mappableAlloc
0010f14c 00000004 T mappableFree
0010f150 0000000c T srvPmGetSessionHandle
0010f15c 0000005c T rbtree_node_next
0010f1b8 00000064 T decode_utf16
0010f21c 00000054 T encode_utf16
0010f270 000000e0 T encode_utf8
0010f350 00000030 W __appExit
0010f380 00000030 W __appInit
0010f3b0 00000090 W __libctru_exit
0010f440 00000014 t archive_link
0010f454 00000014 t archive_dirreset
0010f468 00000014 t archive_chmod
0010f47c 00000024 t error_cmp
0010f4a0 00000050 t archive_translate_error
0010f4f0 000000c8 t archive_seek
0010f5b8 0000007c t _archiveInit.part.0
0010f634 000000c4 t archiveFindDevice.part.0
0010f6f8 00000280 t archive_utf16path
0010f978 0000009c t _archiveUnmountDeviceStruct.part.0
0010fa14 00000014 t archive_fchmod
0010fa28 00000014 t archive_statvfs
0010fa3c 00000164 t _archiveMountDevice
0010fba0 000000e8 t archive_diropen
0010fc88 000000a4 t archive_fstat
0010fd2c 0000006c t archive_fsync
0010fd98 0000006c t archive_close
0010fe04 00000070 t archive_dirclose
0010fe74 000000e8 t sdmc_statvfs
0010ff5c 000000ec t archive_chdir
00110048 0000007c t archive_ftruncate
001100c4 000000ac t archive_read
00110170 000000a4 t archive_unlink
00110214 000000bc t archive_rmdir
001102d0 000000dc t archive_mkdir
001103ac 00000194 t archive_stat
00110540 00000160 t archive_dirnext
001106a0 00000124 t archive_write
001107c4 0000020c t archive_open
001109d0 00000278 t archive_rename
00110c48 0000019c T archiveMountSdmc
00110de4 00000054 T archiveUnmountAll
00110e38 000000c0 T ceilf
00110ef8 00000120 T __udivmoddi4
00111018 000000e4 T strncmp
001110fc 00000130 T strchr
0011122c 0000005c T strlen
00111288 000001d8 t _strtoul_l.isra.0
00111460 00000034 T strtoul
00111494 000000e4 T strncat
00111578 00000078 T bsearch
001115f0 00000020 T calloc
00111610 00000974 T qsort
00111f84 00000148 T _fclose_r
001120cc 000000c0 T _calloc_r
0011218c 0000012c T __smakebuf_r
001122b8 00000020 T memalign
001122d8 0000001c t stdio_exit_handler
001122f4 0000005c t cleanup_stdio
00112350 00000154 t global_stdio_init.part.0
001124a4 0000005c T __sinit
00112500 0000000c T __sfp_lock_acquire
0011250c 0000000c T __sfp_lock_release
00112518 0000079c T _malloc_r
00112cb4 000000f8 T _malloc_trim_r
00112dac 000002e8 T _free_r
00113094 00000048 T strnlen
001130dc 0000000c T __errno
001130e8 00000018 T malloc
00113100 00000018 T free
00113118 0000011c T memcpy
00113234 000000f4 T memset
00113328 000004a0 T _realloc_r
001137c8 00000070 T _fwalk_sglue
00113838 0000000c T __malloc_lock
00113844 0000000c T __malloc_unlock
00113850 00000004 W __call_exitprocs
00113854 00000030 T exit
00113884 000000d4 T snprintf
00113958 000000c4 T strncpy
00113a1c 00000084 T __libc_init_array
00113aa0 0000022c T __sflush_r
00113ccc 00000094 T _fflush_r
00113d60 00000150 T memmove
00113eb0 0000014c T _memalign_r
00113ffc 0000003c T __libc_fini_array
00114038 00000044 T __sread
0011407c 00000068 T __swrite
001140e4 00000044 T __sseek
00114128 00000008 T __sclose
00114130 0000064c t get_arg
00114780 00003324 T _svfprintf_r
00117aa4 00000028 T _wcsrtombs_r
00117ad0 00000088 T frexp
00117b58 00000024 T __locale_mb_cur_max
00117b7c 000000a4 T __ssprint_r
00117c20 000000e0 T memchr
00117d00 00000188 T _wcsnrtombs_l
00117e88 00000064 T _wcsnrtombs_r
00117eec 000002f8 T __utf8_mbtowc
001181e4 00000024 T _localeconv_r
00118208 000001b4 t quorem
001183c0 00001218 T _dtoa_r
001195d8 000000a0 T _wcrtomb_r
00119678 00000128 T __ssputs_r
001197a0 000000f0 T __utf8_wctomb
00119890 0000005c T __assert_func
001198ec 00000088 T _Balloc
00119974 0000001c T _Bfree
00119990 000000f4 T __multadd
00119a84 00000060 T __hi0bits
00119ae4 0000009c T __lo0bits
00119b80 000000a4 T __i2b
00119c24 00000204 T __multiply
00119e28 00000128 T __pow5mult
00119f50 00000140 T __lshift
0011a090 00000058 T __mcmp
0011a0e8 000001fc T __mdiff
0011a2e4 00000124 T __d2b
0011a408 0000003c T fiprintf
0011a444 00000014 T abort
0011a458 00000090 T _raise_r
0011a4e8 00000018 T raise
0011a500 0000064c t get_arg
0011ab4c 00002300 T _vfiprintf_r
0011ce4c 000000b8 t __sbprintf
0011cf04 00000030 T __sprint_r
0011cf34 00000138 T __swsetup_r
0011d06c 000004b4 T __sfvwrite_r
0011d520 00000020 T _exit
0011d540 0000013c T chdir
0011d67c 000001cc T _concatenate_path
0011d848 00000078 T _fstat_r
0011d8c0 00000014 T _getpid_r
0011d8d4 0000002c T __getreent
0011d900 0000003c T __get_handle
0011d93c 000000f4 T _close_r
0011da30 00000008 t null_write
0011da38 00000018 T setDefaultDevice
0011da50 000000c8 T FindDevice
0011db18 00000028 T RemoveDevice
0011db40 0000009c T AddDevice
0011dbdc 00000020 T GetDeviceOpTab
0011dbfc 00000008 T _isatty_r
0011dc04 00000014 T _kill_r
0011dc18 00000084 T _lseek_r
0011dc9c 00000080 T _read_r
0011dd1c 00000078 W _sbrk_r
0011dd94 0000001c T __libc_lock_acquire
0011ddb0 0000001c T __libc_lock_release
0011ddcc 0000001c T __libc_lock_acquire_recursive
0011dde8 0000001c T __libc_lock_release_recursive
0011de04 00000080 T _write_r
0011de84 00000048 T strrchr
0011decc T _fini
0011e000 0000000c r CSWTCH.54
0011e220 r .LC2
0011e580 R render2d_shbin
0011e70c R render2d_shbin_end
0011e70c R render2d_shbin_size
0011e710 00000004 r depthFmtSizes
0011e714 00000005 r colorFmtSizes
0011e71c 00000010 r CSWTCH.11
0011e72c 00000008 r morton_y.2
0011e734 00000008 r morton_x.3
0011e73c 00000008 r s_sleepWakeEvents.4
0011e744 00000030 r error_table
0011e774 00000080 r archive_devoptab
0011e7f4 00000101 R _ctype_
0011e930 00000010 r zeroes.0
0011e940 00000010 r blanks.1
0011e950 0000006c R __action_table
0011e9bc 0000006c R __state_table
0011ea28 00000100 R __chclass
0011eb28 0000000c r p05.0
0011eb38 00000028 R __mprec_bigtens
0011eb60 000000c8 R __mprec_tens
0011ec28 00000010 r zeroes.0
0011ec38 00000010 r blanks.1
0011ec48 00000080 R dotab_stdnull
0011ecc8 R __tdata_align
0011eccc r __EH_FRAME_BEGIN__
0011eccc R __exidx_end
0011eccc R __exidx_start
0011f000 00000008 d framerateCounter
0011f008 00000004 d framerate
0011f00c 00000004 d queueLock
0011f010 00000004 d aptChainloadDeliverArgSize
0011f014 00000004 d kCount
0011f018 00000004 d kInterval
0011f01c 00000004 d kDelay
0011f020 W __stacksize__
0011f024 00000004 D _impure_ptr
0011f028 00000120 D _impure_data
0011f148 0000000c D __sglue
0011f154 00000004 D __malloc_sbrk_base
0011f158 00000004 D __malloc_trim_threshold
0011f160 00000408 D __malloc_av_
0011f568 0000016c D __global_locale
0011f6d4 00000400 d _current_working_directory
0011fad4 00001000 d handles
00120ad4 0000000c d __stderr_handle
00120ae0 0000000c d __stdout_handle
00120aec 0000000c d __stdin_handle
00120af8 0000008c D devoptab_list
00120b84 00000004 d defaultDevice
00120b90 d _GLOBAL_OFFSET_TABLE_
00120b9c d __frame_dummy_init_array_entry
00120b9c D __init_array_start
00120b9c B __preinit_array_end
00120b9c B __preinit_array_start
00120b9c D __tdata_lma
00120b9c D __tdata_lma_end
00120ba0 d __do_global_dtors_aux_fini_array_entry
00120ba0 D __fini_array_start
00120ba0 D __init_array_end
00120ba4 D __bss_start__
00120ba4 D __fini_array_end
00120ba4 00000004 B g_dynamicBuf
00120ba8 000000a8 B g_staticText
00120c50 00000004 B g_dynamicBuf1
00120c54 000000a8 B g_staticText1
00120cfc 00000004 B g_staticBuf
00120d00 00000004 B g_staticBuf1
00120d04 b completed.1
00120d08 b object.0
00120d20 000005a8 B __C2Di_Context
001212c8 00000040 b s_projBot
00121308 00000040 b s_projTop
00121348 00000004 b uLoc_mdlvMtx
0012134c 00000004 b uLoc_projMtx
00121350 00000004 b s_glyphSheets
00121354 00000004 b s_textScale
00121358 0000000c b hookCookie
00121368 000002d0 B __C3D_Context
00121638 00000004 b frameEndCbData
0012163c 00000004 b frameEndCb
00121640 00000008 b frameCounter
00121648 00000001 b isTopStereo
00121649 00000001 b needSwapBot
0012164a 00000001 b needSwapTop
0012164b 00000001 b measureGpuTime
0012164c 00000001 b inSafeTransfer
0012164d 00000001 b inFrame
00121650 00000010 b cpuTime
00121660 00000010 b gpuTime
00121670 0000000c b linkedTarget
0012167c 00000004 b lastTarget
00121680 00000004 b firstTarget
00121684 00000008 b C3Di_IVUnifEverDirty
0012168c 000000c0 b C3Di_FVUnifEverDirty
0012174c 00000018 b C3Di_ShaderFVecData
00121764 00000002 B C3D_BoolUnifsDirty
00121768 00000008 B C3D_IVUnifDirty
00121770 000000c0 B C3D_FVUnifDirty
00121830 00000004 B C3D_BoolUnifs
00121834 00000020 B C3D_IVUnif
00121854 00000c00 B C3D_FVUnif
00122458 00000008 b sLinearPool
00122460 0000000c b sAddrMap
00122470 00000008 b sVramPoolB
00122478 00000008 b sVramPoolA
00122480 0000000c b sAddrMap
0012248c 00000004 b sharedFontAddr
00122490 00000004 B g_sharedFont
00122494 00000004 b screenAlloc
00122498 00000004 b screenFree
0012249c 00000002 b gfxIsDoubleBuf
001224a0 00000002 b gfxCurBuf
001224a2 00000001 b gfxIsVram
001224a3 00000001 b gfxTopMode
001224a4 00000002 b gfxFramebufferFormats
001224a8 00000004 b gfxBottomFramebufferMaxSize
001224ac 00000004 b gfxTopFramebufferMaxSize
001224b0 00000008 b gfxBottomFramebuffers
001224b8 00000008 b gfxTopFramebuffers
001224c0 00000001 V __ctru_speedup
001224c4 00000004 B gpuCmdBufOffset
001224c8 00000004 B gpuCmdBufSize
001224cc 00000004 B gpuCmdBuf
001224d0 00000004 b boundQueue
001224d4 00000001 b shouldStop
001224d5 00000001 b isRunning
001224d6 00000001 b isActive
001224d8 00000004 b curQueue
001224dc 00000004 b acHandle
001224e0 00000001 b flagValue.0
001224e1 00000001 b flagInit.1
001224e4 00000004 b serviceName.6
001224e8 00000001 b aptChainloadFlags
001224e9 00000001 b aptChainloadMediatype
001224ec 00000020 b aptChainloadHmac
0012250c 00000300 b aptChainloadDeliverArg
00122810 00000008 b aptChainloadTid
00122818 00001000 b aptParameters
00123818 00000004 b aptFlags
0012381c 00000001 b aptHomeButtonState
00123820 00000004 b aptMessageFuncData
00123824 00000004 b aptMessageFunc
00123828 0000000c b aptFirstHook
00123834 00000001 b aptEventHandlerThreadQuit
00123838 00000004 b aptEventHandlerThread
0012383c 00000008 b aptSleepEvent
00123844 00000008 b aptReceiveEvent
0012384c 00000008 b aptEvents
00123854 00000004 b aptLockHandle
00123858 00000004 b aptRefCount
00123860 00000080 b fsExemptArchives
001238e0 00000004 b fsuRefCount
001238e4 00000004 b fsuHandle
001238e8 00000007 b gspEventCbOneShot
001238f0 0000001c b gspEventCbData
0012390c 0000001c b gspEventCb
00123928 00000038 b gspEvents
00123960 00000004 b gspLastEvent
00123964 00000001 b gspRunEvents
00123968 00000004 b gspEventThread
0012396c 00000004 b gspEvent
00123970 00000001 b gspGpuRight
00123971 00000001 b gspThreadId
00123974 00000004 b gspSharedMem
00123978 00000004 b gspSharedMemHandle
0012397c 00000004 b gspRefCount
00123980 00000004 b gspGpuHandle
00123984 00000001 b usingIrrst
00123988 00000004 b hidRefCount
0012398c 00000006 b gRate
00123994 00000006 b aVec
0012399c 00000004 b cPos
001239a0 00000004 b tPos
001239a4 00000004 b kRepeat
001239a8 00000004 b kUp
001239ac 00000004 b kDown
001239b0 00000004 b kHeld
001239b4 00000004 b kOld
001239b8 00000004 B hidSharedMem
001239bc 00000014 B hidEvents
001239d0 00000004 B hidMemHandle
001239d4 00000004 B hidHandle
001239d8 00000004 b irrstRefCount
001239dc 00000004 b csPos
001239e0 00000004 b kHeld
001239e4 00000004 B irrstSharedMem
001239e8 00000004 B irrstEvent
001239ec 00000004 B irrstMemHandle
001239f0 00000004 B irrstHandle
001239f4 00000004 b ptmSysmRefCount
001239f8 00000004 b ptmSysmHandle
001239fc 00000004 b ptmuHandle
00123a00 00000004 V __ctru_linear_heap_size
00123a04 00000004 V __ctru_heap_size
00123a08 00000004 B __ctru_linear_heap
00123a0c 00000004 B __ctru_heap
00123a10 00000004 B __system_retAddr
00123a14 00000004 B __system_argv
00123a18 00000004 B __system_argc
00123a1c b saved_stack
00123a24 00000004 B __3dslink_host
00123a28 00000004 b srvRefCount
00123a2c 00000004 b srvHandle
00123a30 00000004 b arbiter
00123a34 00000004 b currentAddr
00123a38 00000004 b maxAddr
00123a3c 00000004 b minAddr
00123a40 00000004 b srvPmHandle
00123a48 000005c0 b archive_devices
00124008 00000004 b archive_device_cwd
0012400c 00000001 b archive_initialized
00124010 0000000c b __sfp_recursive_mutex
00124020 00000168 B __sf
00124188 00000004 B __stdio_exit_handler
0012418c 00000028 B __malloc_current_mallinfo
001241b4 00000004 B __malloc_max_total_mem
001241b8 00000004 B __malloc_max_sbrked_mem
001241bc 00000004 B __malloc_top_pad
001241c0 0000000c b __malloc_recursive_mutex
001241cc 00000400 b temp_cwd
001245cc 00000004 b __hndl_lock
001245d0 00000004 B fake_heap_start
001245d4 00000004 B fake_heap_end
001245d8 00000004 b heap_start.0
001245dc B __tls_start
001251e4 B __bss_end__
001251e4 A __end__
001251e4 B __tls_end
